[2018-10-16 11:05:39] 2018-10-16 11:05:39.569000
[2018-10-16 11:05:40] Continuing Start Up Script
[2018-10-16 11:05:40] [Path Check] Started
[2018-10-16 11:05:40] [Path Check] Good!
[2018-10-16 11:05:40] [Auto Install Repo] Started
[2018-10-16 11:05:40] [Auto Install Repo] Not Enabled
[2018-10-16 11:05:40] [Auto Update Wizard] Started
[2018-10-16 11:05:40] [Auto Update Wizard] Not Enabled
[2018-10-16 11:05:40] [Notifications] Started
[2018-10-16 11:05:42] [Notifications] id: 1
[2018-10-16 11:05:42] 2018-10-16 11:05:42.490000
[2018-10-16 11:05:43] Continuing Start Up Script
[2018-10-16 11:05:43] [Path Check] Started
[2018-10-16 11:05:43] [Path Check] Good!
[2018-10-16 11:05:43] [Auto Install Repo] Started
[2018-10-16 11:05:43] [Auto Install Repo] Not Enabled
[2018-10-16 11:05:43] [Auto Update Wizard] Started
[2018-10-16 11:05:43] [Auto Update Wizard] Not Enabled
[2018-10-16 11:05:43] [Notifications] Started
[2018-10-16 11:05:45] [Notifications] id: 1
[2018-10-16 11:05:49] [Notification] NotifyID 1 Dismissed
[2018-10-16 11:05:49] [Notifications] Complete
[2018-10-16 11:05:49] [Installed Check] Started
[2018-10-16 11:05:49] [Installed Check] Not Enabled
[2018-10-16 11:05:49] [Build Check] Started
[2018-10-16 11:05:49] [Build Check] First Run
[2018-10-16 11:05:54] [First Run] [User Selected: Ignore Build Menu] [Next Check: 2018-10-18]
[2018-10-16 11:05:54] [Trakt Data] Started
[2018-10-16 11:05:54] [Trakt Data] Not Enabled
[2018-10-16 11:05:54] [Real Debrid Data] Started
[2018-10-16 11:05:54] [Real Debrid Data] Not Enabled
[2018-10-16 11:05:54] [Login Data] Started
[2018-10-16 11:05:54] [Login Data] Not Enabled
[2018-10-16 11:05:54] [Auto Clean Up] Started
[2018-10-16 11:05:54] [Auto Clean Up] Cache: On
[2018-10-16 11:05:54] [Success] wiped C:\Users\michael\AppData\Roaming\Kodi\userdata\addon_data\plugin.video.ds\artcache 
[2018-10-16 11:05:54] [Success] wiped C:\Users\michael\AppData\Roaming\Kodi\userdata\addon_data\script.module.resolveurl\cache 
[2018-10-16 11:05:54] [Success] wiped C:\Users\michael\AppData\Roaming\Kodi\userdata\addon_data\script.module.urlresolver\cache 
[2018-10-16 11:05:54] [Success] cleared 1 files from C:\Users\michael\AppData\Roaming\Kodi\cache\temp
[2018-10-16 11:05:54] [Auto Clean Up] Old Thumbs: On
[2018-10-16 11:05:54] 0 total thumbs cleaned up.
[2018-10-16 11:05:54] [Auto Clean Up] Packages: On
[2018-10-16 11:05:59] [Notification] NotifyID 1 Dismissed
[2018-10-16 11:05:59] [Notifications] Complete
[2018-10-16 11:05:59] [Installed Check] Started
[2018-10-16 11:05:59] [Installed Check] Not Enabled
[2018-10-16 11:05:59] [Build Check] Started
[2018-10-16 11:05:59] [Build Check] First Run
[2018-10-16 11:06:03] [First Run] [User Selected: Ignore Build Menu] [Next Check: 2018-10-18]
[2018-10-16 11:06:03] [Trakt Data] Started
[2018-10-16 11:06:03] [Trakt Data] Not Enabled
[2018-10-16 11:06:03] [Real Debrid Data] Started
[2018-10-16 11:06:03] [Real Debrid Data] Not Enabled
[2018-10-16 11:06:03] [Login Data] Started
[2018-10-16 11:06:03] [Login Data] Not Enabled
[2018-10-16 11:06:03] [Auto Clean Up] Started
[2018-10-16 11:06:03] [Auto Clean Up] Cache: On
[2018-10-16 11:06:03] [Auto Clean Up] Old Thumbs: On
[2018-10-16 11:06:03] 0 total thumbs cleaned up.
[2018-10-16 11:06:04] [Auto Clean Up] Packages: On
[2018-10-16 11:07:49] 2018-10-16 11:07:49.691000
[2018-10-16 11:07:50] Continuing Start Up Script
[2018-10-16 11:07:50] [Path Check] Started
[2018-10-16 11:07:50] [Path Check] Good!
[2018-10-16 11:07:50] [Auto Install Repo] Started
[2018-10-16 11:07:50] [Auto Install Repo] Not Enabled
[2018-10-16 11:07:50] [Auto Update Wizard] Started
[2018-10-16 11:07:50] [Auto Update Wizard] Not Enabled
[2018-10-16 11:07:50] [Notifications] Started
[2018-10-16 11:07:52] [Notifications] id[1] Dismissed
[2018-10-16 11:07:52] [Installed Check] Started
[2018-10-16 11:07:52] [Installed Check] Not Enabled
[2018-10-16 11:07:52] [Build Check] Started
[2018-10-16 11:07:52] [Trakt Data] Started
[2018-10-16 11:07:52] [Trakt Data] Not Enabled
[2018-10-16 11:07:52] [Real Debrid Data] Started
[2018-10-16 11:07:52] [Real Debrid Data] Not Enabled
[2018-10-16 11:07:52] [Login Data] Started
[2018-10-16 11:07:52] [Login Data] Not Enabled
[2018-10-16 11:07:52] [Auto Clean Up] Started
[2018-10-16 11:07:52] [Auto Clean Up] Next Clean Up 2018-10-23
[2018-10-16 11:09:38] [ Version : '3.0.7' ] [ Mode : 'None' ] [ Name : 'None' ] [ Url : 'None' ]
[2018-10-16 11:09:43] [ Version : '3.0.7' ] [ Mode : 'maint' ] [ Name : 'None' ] [ Url : 'None' ]
[2018-10-16 11:09:49] [ Version : '3.0.7' ] [ Mode : 'maint' ] [ Name : 'tweaks' ] [ Url : 'None' ]
[2018-10-16 11:09:55] [ Version : '3.0.7' ] [ Mode : 'advancedsetting' ] [ Name : 'None' ] [ Url : 'None' ]
[2018-10-16 11:10:02] [ Version : '3.0.7' ] [ Mode : 'autoadvanced' ] [ Name : 'None' ] [ Url : 'None' ]
[2018-10-16 11:10:45] [ Version : '3.0.7' ] [ Mode : 'advancedsetting' ] [ Name : 'None' ] [ Url : 'None' ]
[2018-10-16 20:57:34] 2018-10-16 20:57:34.706000
[2018-10-16 20:57:35] Continuing Start Up Script
[2018-10-16 20:57:35] [Path Check] Started
[2018-10-16 20:57:35] [Path Check] Good!
[2018-10-16 20:57:35] [Auto Install Repo] Started
[2018-10-16 20:57:35] [Auto Install Repo] Not Enabled
[2018-10-16 20:57:35] [Auto Update Wizard] Started
[2018-10-16 20:57:35] [Auto Update Wizard] Not Enabled
[2018-10-16 20:57:35] [Notifications] Started
[2018-10-16 20:57:37] [Notifications] id[1] Dismissed
[2018-10-16 20:57:37] [Installed Check] Started
[2018-10-16 20:57:37] [Installed Check] Not Enabled
[2018-10-16 20:57:37] [Build Check] Started
[2018-10-16 20:57:37] [Trakt Data] Started
[2018-10-16 20:57:37] [Trakt Data] Not Enabled
[2018-10-16 20:57:37] [Real Debrid Data] Started
[2018-10-16 20:57:37] [Real Debrid Data] Not Enabled
[2018-10-16 20:57:37] [Login Data] Started
[2018-10-16 20:57:37] [Login Data] Not Enabled
[2018-10-16 20:57:37] [Auto Clean Up] Started
[2018-10-16 20:57:37] [Auto Clean Up] Next Clean Up 2018-10-23
[2018-10-16 21:08:13] 2018-10-16 21:08:13.811000
[2018-10-16 21:08:14] Continuing Start Up Script
[2018-10-16 21:08:14] [Path Check] Started
[2018-10-16 21:08:14] [Path Check] Good!
[2018-10-16 21:08:14] [Auto Install Repo] Started
[2018-10-16 21:08:14] [Auto Install Repo] Not Enabled
[2018-10-16 21:08:14] [Auto Update Wizard] Started
[2018-10-16 21:08:14] [Auto Update Wizard] Not Enabled
[2018-10-16 21:08:14] [Notifications] Started
[2018-10-16 21:08:16] [Notifications] id[1] Dismissed
[2018-10-16 21:08:16] [Installed Check] Started
[2018-10-16 21:08:16] [Installed Check] Not Enabled
[2018-10-16 21:08:16] [Build Check] Started
[2018-10-16 21:08:16] [Trakt Data] Started
[2018-10-16 21:08:16] [Trakt Data] Not Enabled
[2018-10-16 21:08:16] [Real Debrid Data] Started
[2018-10-16 21:08:16] [Real Debrid Data] Not Enabled
[2018-10-16 21:08:16] [Login Data] Started
[2018-10-16 21:08:16] [Login Data] Not Enabled
[2018-10-16 21:08:16] [Auto Clean Up] Started
[2018-10-16 21:08:16] [Auto Clean Up] Next Clean Up 2018-10-23
[2018-10-16 21:39:24] 2018-10-16 21:39:24.867000
[2018-10-16 21:39:25] Continuing Start Up Script
[2018-10-16 21:39:25] [Path Check] Started
[2018-10-16 21:39:25] [Path Check] Good!
[2018-10-16 21:39:25] [Auto Install Repo] Started
[2018-10-16 21:39:25] [Auto Install Repo] Not Enabled
[2018-10-16 21:39:25] [Auto Update Wizard] Started
[2018-10-16 21:39:25] [Auto Update Wizard] Not Enabled
[2018-10-16 21:39:25] [Notifications] Started
[2018-10-16 21:39:27] [Notifications] id[1] Dismissed
[2018-10-16 21:39:27] [Installed Check] Started
[2018-10-16 21:39:27] [Installed Check] Not Enabled
[2018-10-16 21:39:27] [Build Check] Started
[2018-10-16 21:39:27] [Trakt Data] Started
[2018-10-16 21:39:27] [Trakt Data] Not Enabled
[2018-10-16 21:39:27] [Real Debrid Data] Started
[2018-10-16 21:39:27] [Real Debrid Data] Not Enabled
[2018-10-16 21:39:27] [Login Data] Started
[2018-10-16 21:39:27] [Login Data] Not Enabled
[2018-10-16 21:39:27] [Auto Clean Up] Started
[2018-10-16 21:39:27] [Auto Clean Up] Next Clean Up 2018-10-23
[2018-10-16 21:52:50] 2018-10-16 21:52:50.157000
[2018-10-16 21:52:51] Continuing Start Up Script
[2018-10-16 21:52:51] [Path Check] Started
[2018-10-16 21:52:51] [Path Check] Good!
[2018-10-16 21:52:51] [Auto Install Repo] Started
[2018-10-16 21:52:51] [Auto Install Repo] Not Enabled
[2018-10-16 21:52:51] [Auto Update Wizard] Started
[2018-10-16 21:52:51] [Auto Update Wizard] Not Enabled
[2018-10-16 21:52:51] [Notifications] Started
[2018-10-16 21:52:52] [Notifications] id[1] Dismissed
[2018-10-16 21:52:52] [Installed Check] Started
[2018-10-16 21:52:52] [Installed Check] Not Enabled
[2018-10-16 21:52:52] [Build Check] Started
[2018-10-16 21:52:52] [Trakt Data] Started
[2018-10-16 21:52:52] [Trakt Data] Not Enabled
[2018-10-16 21:52:52] [Real Debrid Data] Started
[2018-10-16 21:52:52] [Real Debrid Data] Not Enabled
[2018-10-16 21:52:52] [Login Data] Started
[2018-10-16 21:52:52] [Login Data] Not Enabled
[2018-10-16 21:52:52] [Auto Clean Up] Started
[2018-10-16 21:52:52] [Auto Clean Up] Next Clean Up 2018-10-23
[2018-10-16 22:01:42] 2018-10-16 22:01:42.861000
[2018-10-16 22:01:43] Continuing Start Up Script
[2018-10-16 22:01:43] [Path Check] Started
[2018-10-16 22:01:43] [Path Check] Good!
[2018-10-16 22:01:43] [Auto Install Repo] Started
[2018-10-16 22:01:43] [Auto Install Repo] Not Enabled
[2018-10-16 22:01:43] [Auto Update Wizard] Started
[2018-10-16 22:01:43] [Auto Update Wizard] Not Enabled
[2018-10-16 22:01:43] [Notifications] Started
[2018-10-16 22:01:45] [Notifications] id[1] Dismissed
[2018-10-16 22:01:45] [Installed Check] Started
[2018-10-16 22:01:45] [Installed Check] Not Enabled
[2018-10-16 22:01:45] [Build Check] Started
[2018-10-16 22:01:45] [Trakt Data] Started
[2018-10-16 22:01:45] [Trakt Data] Not Enabled
[2018-10-16 22:01:45] [Real Debrid Data] Started
[2018-10-16 22:01:45] [Real Debrid Data] Not Enabled
[2018-10-16 22:01:45] [Login Data] Started
[2018-10-16 22:01:45] [Login Data] Not Enabled
[2018-10-16 22:01:45] [Auto Clean Up] Started
[2018-10-16 22:01:45] [Auto Clean Up] Next Clean Up 2018-10-23
[2018-10-16 22:15:10] 2018-10-16 22:15:10.452000
[2018-10-16 22:15:11] Continuing Start Up Script
[2018-10-16 22:15:11] [Path Check] Started
[2018-10-16 22:15:11] [Path Check] Good!
[2018-10-16 22:15:11] [Auto Install Repo] Started
[2018-10-16 22:15:11] [Auto Install Repo] Not Enabled
[2018-10-16 22:15:11] [Auto Update Wizard] Started
[2018-10-16 22:15:11] [Auto Update Wizard] Not Enabled
[2018-10-16 22:15:11] [Notifications] Started
[2018-10-16 22:15:13] [Notifications] id[1] Dismissed
[2018-10-16 22:15:13] [Installed Check] Started
[2018-10-16 22:15:13] [Installed Check] Not Enabled
[2018-10-16 22:15:13] [Build Check] Started
[2018-10-16 22:15:13] [Trakt Data] Started
[2018-10-16 22:15:13] [Trakt Data] Not Enabled
[2018-10-16 22:15:13] [Real Debrid Data] Started
[2018-10-16 22:15:13] [Real Debrid Data] Not Enabled
[2018-10-16 22:15:13] [Login Data] Started
[2018-10-16 22:15:13] [Login Data] Not Enabled
[2018-10-16 22:15:13] [Auto Clean Up] Started
[2018-10-16 22:15:13] [Auto Clean Up] Next Clean Up 2018-10-23
[2018-10-16 22:22:53] 2018-10-16 22:22:53.210000
[2018-10-16 22:22:54] Continuing Start Up Script
[2018-10-16 22:22:54] [Path Check] Started
[2018-10-16 22:22:54] [Path Check] Good!
[2018-10-16 22:22:54] [Auto Install Repo] Started
[2018-10-16 22:22:54] [Auto Install Repo] Not Enabled
[2018-10-16 22:22:54] [Auto Update Wizard] Started
[2018-10-16 22:22:54] [Auto Update Wizard] Not Enabled
[2018-10-16 22:22:54] [Notifications] Started
[2018-10-16 22:22:56] [Notifications] id[1] Dismissed
[2018-10-16 22:22:56] [Installed Check] Started
[2018-10-16 22:22:56] [Installed Check] Not Enabled
[2018-10-16 22:22:56] [Build Check] Started
[2018-10-16 22:22:56] [Trakt Data] Started
[2018-10-16 22:22:56] [Trakt Data] Not Enabled
[2018-10-16 22:22:56] [Real Debrid Data] Started
[2018-10-16 22:22:56] [Real Debrid Data] Not Enabled
[2018-10-16 22:22:56] [Login Data] Started
[2018-10-16 22:22:56] [Login Data] Not Enabled
[2018-10-16 22:22:56] [Auto Clean Up] Started
[2018-10-16 22:22:56] [Auto Clean Up] Next Clean Up 2018-10-23
[2018-10-16 22:32:20] 2018-10-16 22:32:20.322000
[2018-10-16 22:32:21] Continuing Start Up Script
[2018-10-16 22:32:21] [Path Check] Started
[2018-10-16 22:32:21] [Path Check] Good!
[2018-10-16 22:32:21] [Auto Install Repo] Started
[2018-10-16 22:32:21] [Auto Install Repo] Not Enabled
[2018-10-16 22:32:21] [Auto Update Wizard] Started
[2018-10-16 22:32:21] [Auto Update Wizard] Not Enabled
[2018-10-16 22:32:21] [Notifications] Started
[2018-10-16 22:32:23] [Notifications] id[1] Dismissed
[2018-10-16 22:32:23] [Installed Check] Started
[2018-10-16 22:32:23] [Installed Check] Not Enabled
[2018-10-16 22:32:23] [Build Check] Started
[2018-10-16 22:32:23] [Trakt Data] Started
[2018-10-16 22:32:23] [Trakt Data] Not Enabled
[2018-10-16 22:32:23] [Real Debrid Data] Started
[2018-10-16 22:32:23] [Real Debrid Data] Not Enabled
[2018-10-16 22:32:23] [Login Data] Started
[2018-10-16 22:32:23] [Login Data] Not Enabled
[2018-10-16 22:32:23] [Auto Clean Up] Started
[2018-10-16 22:32:23] [Auto Clean Up] Next Clean Up 2018-10-23
[2018-10-18 10:39:32] 2018-10-18 10:39:32.808000
[2018-10-18 10:39:33] Continuing Start Up Script
[2018-10-18 10:39:33] [Path Check] Started
[2018-10-18 10:39:33] [Path Check] Good!
[2018-10-18 10:39:33] [Auto Install Repo] Started
[2018-10-18 10:39:33] [Auto Install Repo] Not Enabled
[2018-10-18 10:39:33] [Auto Update Wizard] Started
[2018-10-18 10:39:33] [Auto Update Wizard] Not Enabled
[2018-10-18 10:39:33] [Notifications] Started
[2018-10-18 10:39:35] [Notifications] id[1] Dismissed
[2018-10-18 10:39:35] [Installed Check] Started
[2018-10-18 10:39:35] [Installed Check] Not Enabled
[2018-10-18 10:39:35] [Build Check] Started
[2018-10-18 10:39:35] [Trakt Data] Started
[2018-10-18 10:39:35] [Trakt Data] Not Enabled
[2018-10-18 10:39:35] [Real Debrid Data] Started
[2018-10-18 10:39:35] [Real Debrid Data] Not Enabled
[2018-10-18 10:39:35] [Login Data] Started
[2018-10-18 10:39:35] [Login Data] Not Enabled
[2018-10-18 10:39:35] [Auto Clean Up] Started
[2018-10-18 10:39:35] [Auto Clean Up] Next Clean Up 2018-10-23
[2018-10-18 10:40:23] 2018-10-18 10:40:23.559000
[2018-10-18 10:40:24] Continuing Start Up Script
[2018-10-18 10:40:24] [Path Check] Started
[2018-10-18 10:40:24] [Path Check] Good!
[2018-10-18 10:40:24] [Auto Install Repo] Started
[2018-10-18 10:40:24] [Auto Install Repo] Not Enabled
[2018-10-18 10:40:24] [Auto Update Wizard] Started
[2018-10-18 10:40:24] [Auto Update Wizard] Not Enabled
[2018-10-18 10:40:24] [Notifications] Started
[2018-10-18 10:40:26] [Notifications] id[1] Dismissed
[2018-10-18 10:40:26] [Installed Check] Started
[2018-10-18 10:40:26] [Installed Check] Not Enabled
[2018-10-18 10:40:26] [Build Check] Started
[2018-10-18 10:40:26] [Trakt Data] Started
[2018-10-18 10:40:26] [Trakt Data] Not Enabled
[2018-10-18 10:40:26] [Real Debrid Data] Started
[2018-10-18 10:40:26] [Real Debrid Data] Not Enabled
[2018-10-18 10:40:26] [Login Data] Started
[2018-10-18 10:40:26] [Login Data] Not Enabled
[2018-10-18 10:40:26] [Auto Clean Up] Started
[2018-10-18 10:40:26] [Auto Clean Up] Next Clean Up 2018-10-23
[2018-10-18 19:06:24] 2018-10-18 19:06:24.322000
[2018-10-18 19:06:25] Continuing Start Up Script
[2018-10-18 19:06:25] [Path Check] Started
[2018-10-18 19:06:25] [Path Check] Good!
[2018-10-18 19:06:25] [Auto Install Repo] Started
[2018-10-18 19:06:25] [Auto Install Repo] Not Enabled
[2018-10-18 19:06:25] [Auto Update Wizard] Started
[2018-10-18 19:06:25] [Auto Update Wizard] Not Enabled
[2018-10-18 19:06:25] [Notifications] Started
[2018-10-18 19:06:27] [Notifications] id[1] Dismissed
[2018-10-18 19:06:27] [Installed Check] Started
[2018-10-18 19:06:27] [Installed Check] Not Enabled
[2018-10-18 19:06:27] [Build Check] Started
[2018-10-18 19:06:27] [Trakt Data] Started
[2018-10-18 19:06:27] [Trakt Data] Not Enabled
[2018-10-18 19:06:27] [Real Debrid Data] Started
[2018-10-18 19:06:27] [Real Debrid Data] Not Enabled
[2018-10-18 19:06:27] [Login Data] Started
[2018-10-18 19:06:27] [Login Data] Not Enabled
[2018-10-18 19:06:27] [Auto Clean Up] Started
[2018-10-18 19:06:27] [Auto Clean Up] Next Clean Up 2018-10-23
[2018-10-18 19:07:19] [ Version : '3.0.7' ] [ Mode : 'None' ] [ Name : 'None' ] [ Url : 'None' ]
[2018-10-18 19:07:25] [ Version : '3.0.7' ] [ Mode : 'maint' ] [ Name : 'None' ] [ Url : 'None' ]
[2018-10-18 19:07:31] [ Version : '3.0.7' ] [ Mode : 'maint' ] [ Name : 'tweaks' ] [ Url : 'None' ]
[2018-10-18 19:07:37] [ Version : '3.0.7' ] [ Mode : 'advancedsetting' ] [ Name : 'None' ] [ Url : 'None' ]
[2018-10-18 19:07:45] [ Version : '3.0.7' ] [ Mode : 'autoadvanced' ] [ Name : 'None' ] [ Url : 'None' ]
[2018-10-18 19:08:20] [ Version : '3.0.7' ] [ Mode : 'advancedsetting' ] [ Name : 'None' ] [ Url : 'None' ]
[2018-10-18 19:08:27] [ Version : '3.0.7' ] [ Mode : 'currentsettings' ] [ Name : 'None' ] [ Url : 'None' ]
[2018-10-18 19:17:48] 2018-10-18 19:17:48.696000
[2018-10-18 19:17:49] Continuing Start Up Script
[2018-10-18 19:17:49] [Path Check] Started
[2018-10-18 19:17:49] [Path Check] Good!
[2018-10-18 19:17:49] [Auto Install Repo] Started
[2018-10-18 19:17:49] [Auto Install Repo] Not Enabled
[2018-10-18 19:17:49] [Auto Update Wizard] Started
[2018-10-18 19:17:49] [Auto Update Wizard] Not Enabled
[2018-10-18 19:17:49] [Notifications] Started
[2018-10-18 19:17:51] 2018-10-18 19:17:51.465000
[2018-10-18 19:17:51] [Notifications] id[1] Dismissed
[2018-10-18 19:17:51] [Installed Check] Started
[2018-10-18 19:17:51] [Installed Check] Not Enabled
[2018-10-18 19:17:51] [Build Check] Started
[2018-10-18 19:17:51] [Trakt Data] Started
[2018-10-18 19:17:51] [Trakt Data] Not Enabled
[2018-10-18 19:17:51] [Real Debrid Data] Started
[2018-10-18 19:17:51] [Real Debrid Data] Not Enabled
[2018-10-18 19:17:51] [Login Data] Started
[2018-10-18 19:17:51] [Login Data] Not Enabled
[2018-10-18 19:17:51] [Auto Clean Up] Started
[2018-10-18 19:17:51] [Auto Clean Up] Next Clean Up 2018-10-23
[2018-10-18 19:17:52] Continuing Start Up Script
[2018-10-18 19:17:52] [Path Check] Started
[2018-10-18 19:17:52] [Path Check] Good!
[2018-10-18 19:17:52] [Auto Install Repo] Started
[2018-10-18 19:17:52] [Auto Install Repo] Not Enabled
[2018-10-18 19:17:52] [Auto Update Wizard] Started
[2018-10-18 19:17:52] [Auto Update Wizard] Not Enabled
[2018-10-18 19:17:52] [Notifications] Started
[2018-10-18 19:17:54] [Notifications] id[1] Dismissed
[2018-10-18 19:17:54] [Installed Check] Started
[2018-10-18 19:17:54] [Installed Check] Not Enabled
[2018-10-18 19:17:54] [Build Check] Started
[2018-10-18 19:17:54] [Trakt Data] Started
[2018-10-18 19:17:54] [Trakt Data] Not Enabled
[2018-10-18 19:17:54] [Real Debrid Data] Started
[2018-10-18 19:17:54] [Real Debrid Data] Not Enabled
[2018-10-18 19:17:54] [Login Data] Started
[2018-10-18 19:17:54] [Login Data] Not Enabled
[2018-10-18 19:17:54] [Auto Clean Up] Started
[2018-10-18 19:17:54] [Auto Clean Up] Next Clean Up 2018-10-23
[2018-10-18 19:18:00] [ Version : '3.0.7' ] [ Mode : 'None' ] [ Name : 'None' ] [ Url : 'None' ]
[2018-10-18 19:18:14] [ Version : '3.0.7' ] [ Mode : 'maint' ] [ Name : 'None' ] [ Url : 'None' ]
[2018-10-18 19:18:28] [ Version : '3.0.7' ] [ Mode : 'maint' ] [ Name : 'tweaks' ] [ Url : 'None' ]
[2018-10-18 19:18:34] [ Version : '3.0.7' ] [ Mode : 'advancedsetting' ] [ Name : 'None' ] [ Url : 'None' ]
[2018-10-18 19:18:42] [ Version : '3.0.7' ] [ Mode : 'currentsettings' ] [ Name : 'None' ] [ Url : 'None' ]
[2018-10-18 19:18:48] [ Version : '3.0.7' ] [ Mode : 'removeadvanced' ] [ Name : 'None' ] [ Url : 'None' ]
[2018-10-18 19:18:48] Deleting File: C:\Users\michael\AppData\Roaming\Kodi\userdata\advancedsettings.xml
[2018-10-18 19:18:51] [ Version : '3.0.7' ] [ Mode : 'advancedsetting' ] [ Name : 'None' ] [ Url : 'None' ]
[2018-10-18 19:18:59] [ Version : '3.0.7' ] [ Mode : 'autoadvanced' ] [ Name : 'None' ] [ Url : 'None' ]
[2018-10-18 19:20:32] [ Version : '3.0.7' ] [ Mode : 'advancedsetting' ] [ Name : 'None' ] [ Url : 'None' ]
[2018-10-18 19:21:29] 2018-10-18 19:21:29.003000
[2018-10-18 19:21:30] Continuing Start Up Script
[2018-10-18 19:21:30] [Path Check] Started
[2018-10-18 19:21:30] [Path Check] Good!
[2018-10-18 19:21:30] [Auto Install Repo] Started
[2018-10-18 19:21:30] [Auto Install Repo] Not Enabled
[2018-10-18 19:21:30] [Auto Update Wizard] Started
[2018-10-18 19:21:30] [Auto Update Wizard] Not Enabled
[2018-10-18 19:21:30] [Notifications] Started
[2018-10-18 19:21:31] [Notifications] id[1] Dismissed
[2018-10-18 19:21:31] [Installed Check] Started
[2018-10-18 19:21:31] [Installed Check] Not Enabled
[2018-10-18 19:21:31] [Build Check] Started
[2018-10-18 19:21:31] [Trakt Data] Started
[2018-10-18 19:21:31] [Trakt Data] Not Enabled
[2018-10-18 19:21:31] [Real Debrid Data] Started
[2018-10-18 19:21:31] [Real Debrid Data] Not Enabled
[2018-10-18 19:21:31] [Login Data] Started
[2018-10-18 19:21:31] [Login Data] Not Enabled
[2018-10-18 19:21:31] [Auto Clean Up] Started
[2018-10-18 19:21:31] [Auto Clean Up] Next Clean Up 2018-10-23
[2018-10-18 21:54:06] 2018-10-18 21:54:06.175000
[2018-10-18 21:54:07] Continuing Start Up Script
[2018-10-18 21:54:07] [Path Check] Started
[2018-10-18 21:54:07] [Path Check] Good!
[2018-10-18 21:54:07] [Auto Install Repo] Started
[2018-10-18 21:54:07] [Auto Install Repo] Not Enabled
[2018-10-18 21:54:07] [Auto Update Wizard] Started
[2018-10-18 21:54:07] [Auto Update Wizard] Not Enabled
[2018-10-18 21:54:07] [Notifications] Started
[2018-10-18 21:54:09] [Notifications] id[1] Dismissed
[2018-10-18 21:54:09] [Installed Check] Started
[2018-10-18 21:54:09] [Installed Check] Not Enabled
[2018-10-18 21:54:09] [Build Check] Started
[2018-10-18 21:54:09] [Trakt Data] Started
[2018-10-18 21:54:09] [Trakt Data] Not Enabled
[2018-10-18 21:54:09] [Real Debrid Data] Started
[2018-10-18 21:54:09] [Real Debrid Data] Not Enabled
[2018-10-18 21:54:09] [Login Data] Started
[2018-10-18 21:54:09] [Login Data] Not Enabled
[2018-10-18 21:54:09] [Auto Clean Up] Started
[2018-10-18 21:54:09] [Auto Clean Up] Next Clean Up 2018-10-23
[2018-10-18 21:59:45] [ Version : '3.0.7' ] [ Mode : 'None' ] [ Name : 'None' ] [ Url : 'None' ]
[2018-10-18 22:00:17] [ Version : '3.0.7' ] [ Mode : 'maint' ] [ Name : 'None' ] [ Url : 'None' ]
[2018-10-18 22:00:23] [ Version : '3.0.7' ] [ Mode : 'maint' ] [ Name : 'tweaks' ] [ Url : 'None' ]
[2018-10-18 22:00:49] [ Version : '3.0.7' ] [ Mode : 'advancedsetting' ] [ Name : 'None' ] [ Url : 'None' ]
[2018-10-18 22:00:57] [ Version : '3.0.7' ] [ Mode : 'autoadvanced' ] [ Name : 'None' ] [ Url : 'None' ]
[2018-10-18 22:01:14] [ Version : '3.0.7' ] [ Mode : 'advancedsetting' ] [ Name : 'None' ] [ Url : 'None' ]
[2018-10-18 22:01:20] [ Version : '3.0.7' ] [ Mode : 'autoadvanced' ] [ Name : 'None' ] [ Url : 'None' ]
[2018-10-18 22:01:32] [ Version : '3.0.7' ] [ Mode : 'advancedsetting' ] [ Name : 'None' ] [ Url : 'None' ]
[2018-10-18 22:02:57] [ Version : '3.0.7' ] [ Mode : 'currentsettings' ] [ Name : 'None' ] [ Url : 'None' ]
[2018-10-18 22:04:40] 2018-10-18 22:04:40.243000
[2018-10-18 22:04:41] Continuing Start Up Script
[2018-10-18 22:04:41] [Path Check] Started
[2018-10-18 22:04:41] [Path Check] Good!
[2018-10-18 22:04:41] [Auto Install Repo] Started
[2018-10-18 22:04:41] [Auto Install Repo] Not Enabled
[2018-10-18 22:04:41] [Auto Update Wizard] Started
[2018-10-18 22:04:41] [Auto Update Wizard] Not Enabled
[2018-10-18 22:04:41] [Notifications] Started
[2018-10-18 22:04:43] [Notifications] id[1] Dismissed
[2018-10-18 22:04:43] [Installed Check] Started
[2018-10-18 22:04:43] [Installed Check] Not Enabled
[2018-10-18 22:04:43] [Build Check] Started
[2018-10-18 22:04:43] [Trakt Data] Started
[2018-10-18 22:04:43] [Trakt Data] Not Enabled
[2018-10-18 22:04:43] [Real Debrid Data] Started
[2018-10-18 22:04:43] [Real Debrid Data] Not Enabled
[2018-10-18 22:04:43] [Login Data] Started
[2018-10-18 22:04:43] [Login Data] Not Enabled
[2018-10-18 22:04:43] [Auto Clean Up] Started
[2018-10-18 22:04:43] [Auto Clean Up] Next Clean Up 2018-10-23
[2018-10-18 22:12:25] 2018-10-18 22:12:25.533000
[2018-10-18 22:12:26] Continuing Start Up Script
[2018-10-18 22:12:26] [Path Check] Started
[2018-10-18 22:12:26] [Path Check] Good!
[2018-10-18 22:12:26] [Auto Install Repo] Started
[2018-10-18 22:12:26] [Auto Install Repo] Not Enabled
[2018-10-18 22:12:26] [Auto Update Wizard] Started
[2018-10-18 22:12:26] [Auto Update Wizard] Not Enabled
[2018-10-18 22:12:26] [Notifications] Started
[2018-10-18 22:12:28] [Notifications] id[1] Dismissed
[2018-10-18 22:12:28] [Installed Check] Started
[2018-10-18 22:12:28] [Installed Check] Not Enabled
[2018-10-18 22:12:28] [Build Check] Started
[2018-10-18 22:12:28] [Trakt Data] Started
[2018-10-18 22:12:28] [Trakt Data] Not Enabled
[2018-10-18 22:12:28] [Real Debrid Data] Started
[2018-10-18 22:12:28] [Real Debrid Data] Not Enabled
[2018-10-18 22:12:28] [Login Data] Started
[2018-10-18 22:12:28] [Login Data] Not Enabled
[2018-10-18 22:12:28] [Auto Clean Up] Started
[2018-10-18 22:12:28] [Auto Clean Up] Next Clean Up 2018-10-23
[2018-10-18 22:17:15] 2018-10-18 22:17:15.679000
[2018-10-18 22:17:16] Continuing Start Up Script
[2018-10-18 22:17:16] [Path Check] Started
[2018-10-18 22:17:16] [Path Check] Good!
[2018-10-18 22:17:16] [Auto Install Repo] Started
[2018-10-18 22:17:16] [Auto Install Repo] Not Enabled
[2018-10-18 22:17:16] [Auto Update Wizard] Started
[2018-10-18 22:17:16] [Auto Update Wizard] Not Enabled
[2018-10-18 22:17:16] [Notifications] Started
[2018-10-18 22:17:18] [Notifications] id[1] Dismissed
[2018-10-18 22:17:18] [Installed Check] Started
[2018-10-18 22:17:18] [Installed Check] Not Enabled
[2018-10-18 22:17:18] [Build Check] Started
[2018-10-18 22:17:18] [Trakt Data] Started
[2018-10-18 22:17:18] [Trakt Data] Not Enabled
[2018-10-18 22:17:18] [Real Debrid Data] Started
[2018-10-18 22:17:18] [Real Debrid Data] Not Enabled
[2018-10-18 22:17:18] [Login Data] Started
[2018-10-18 22:17:18] [Login Data] Not Enabled
[2018-10-18 22:17:18] [Auto Clean Up] Started
[2018-10-18 22:17:18] [Auto Clean Up] Next Clean Up 2018-10-23
[2018-10-18 22:20:20] [ Version : '3.0.7' ] [ Mode : 'None' ] [ Name : 'None' ] [ Url : 'None' ]
[2018-10-18 22:20:26] [ Version : '3.0.7' ] [ Mode : 'maint' ] [ Name : 'None' ] [ Url : 'None' ]
[2018-10-18 22:20:31] [ Version : '3.0.7' ] [ Mode : 'maint' ] [ Name : 'tweaks' ] [ Url : 'None' ]
[2018-10-18 22:20:37] [ Version : '3.0.7' ] [ Mode : 'advancedsetting' ] [ Name : 'None' ] [ Url : 'None' ]
[2018-10-18 22:20:44] [ Version : '3.0.7' ] [ Mode : 'removeadvanced' ] [ Name : 'None' ] [ Url : 'None' ]
[2018-10-18 22:20:44] Deleting File: C:\Users\michael\AppData\Roaming\Kodi\userdata\advancedsettings.xml
[2018-10-18 22:20:47] [ Version : '3.0.7' ] [ Mode : 'advancedsetting' ] [ Name : 'None' ] [ Url : 'None' ]
[2018-10-18 22:29:01] 2018-10-18 22:29:01.576000
[2018-10-18 22:29:02] Continuing Start Up Script
[2018-10-18 22:29:02] [Path Check] Started
[2018-10-18 22:29:02] [Path Check] Good!
[2018-10-18 22:29:02] [Auto Install Repo] Started
[2018-10-18 22:29:02] [Auto Install Repo] Not Enabled
[2018-10-18 22:29:02] [Auto Update Wizard] Started
[2018-10-18 22:29:02] [Auto Update Wizard] Not Enabled
[2018-10-18 22:29:02] [Notifications] Started
[2018-10-18 22:29:04] [Notifications] id[1] Dismissed
[2018-10-18 22:29:04] [Installed Check] Started
[2018-10-18 22:29:04] [Installed Check] Not Enabled
[2018-10-18 22:29:04] [Build Check] Started
[2018-10-18 22:29:04] [Trakt Data] Started
[2018-10-18 22:29:04] [Trakt Data] Not Enabled
[2018-10-18 22:29:04] [Real Debrid Data] Started
[2018-10-18 22:29:04] [Real Debrid Data] Not Enabled
[2018-10-18 22:29:04] [Login Data] Started
[2018-10-18 22:29:04] [Login Data] Not Enabled
[2018-10-18 22:29:04] [Auto Clean Up] Started
[2018-10-18 22:29:04] [Auto Clean Up] Next Clean Up 2018-10-23
[2018-10-19 11:40:33] 2018-10-19 11:40:33.921000
[2018-10-19 11:40:34] Continuing Start Up Script
[2018-10-19 11:40:34] [Path Check] Started
[2018-10-19 11:40:34] [Path Check] Good!
[2018-10-19 11:40:34] [Auto Install Repo] Started
[2018-10-19 11:40:34] [Auto Install Repo] Not Enabled
[2018-10-19 11:40:34] [Auto Update Wizard] Started
[2018-10-19 11:40:34] [Auto Update Wizard] Not Enabled
[2018-10-19 11:40:34] [Notifications] Started
[2018-10-19 11:40:36] [Notifications] id[1] Dismissed
[2018-10-19 11:40:36] [Installed Check] Started
[2018-10-19 11:40:36] [Installed Check] Not Enabled
[2018-10-19 11:40:36] [Build Check] Started
[2018-10-19 11:40:36] [Trakt Data] Started
[2018-10-19 11:40:36] [Trakt Data] Not Enabled
[2018-10-19 11:40:36] [Real Debrid Data] Started
[2018-10-19 11:40:36] [Real Debrid Data] Not Enabled
[2018-10-19 11:40:36] [Login Data] Started
[2018-10-19 11:40:36] [Login Data] Not Enabled
[2018-10-19 11:40:36] [Auto Clean Up] Started
[2018-10-19 11:40:36] [Auto Clean Up] Next Clean Up 2018-10-23
[2018-10-20 21:22:49] 2018-10-20 21:22:49.429000
[2018-10-20 21:22:50] Continuing Start Up Script
[2018-10-20 21:22:50] [Path Check] Started
[2018-10-20 21:22:50] [Path Check] Good!
[2018-10-20 21:22:50] [Auto Install Repo] Started
[2018-10-20 21:22:50] [Auto Install Repo] Not Enabled
[2018-10-20 21:22:50] [Auto Update Wizard] Started
[2018-10-20 21:22:50] [Auto Update Wizard] Not Enabled
[2018-10-20 21:22:50] [Notifications] Started
[2018-10-20 21:22:52] [Notifications] id[1] Dismissed
[2018-10-20 21:22:52] [Installed Check] Started
[2018-10-20 21:22:52] [Installed Check] Not Enabled
[2018-10-20 21:22:52] [Build Check] Started
[2018-10-20 21:22:52] [Trakt Data] Started
[2018-10-20 21:22:52] [Trakt Data] Not Enabled
[2018-10-20 21:22:52] [Real Debrid Data] Started
[2018-10-20 21:22:52] [Real Debrid Data] Not Enabled
[2018-10-20 21:22:52] [Login Data] Started
[2018-10-20 21:22:52] [Login Data] Not Enabled
[2018-10-20 21:22:52] [Auto Clean Up] Started
[2018-10-20 21:22:52] [Auto Clean Up] Next Clean Up 2018-10-23
[2018-10-20 21:24:33] 2018-10-20 21:24:33.326000
[2018-10-20 21:24:34] Continuing Start Up Script
[2018-10-20 21:24:34] [Path Check] Started
[2018-10-20 21:24:34] [Path Check] Good!
[2018-10-20 21:24:34] [Auto Install Repo] Started
[2018-10-20 21:24:34] [Auto Install Repo] Not Enabled
[2018-10-20 21:24:34] [Auto Update Wizard] Started
[2018-10-20 21:24:34] [Auto Update Wizard] Not Enabled
[2018-10-20 21:24:34] [Notifications] Started
[2018-10-20 21:24:36] [Notifications] id[1] Dismissed
[2018-10-20 21:24:36] [Installed Check] Started
[2018-10-20 21:24:36] [Installed Check] Not Enabled
[2018-10-20 21:24:36] [Build Check] Started
[2018-10-20 21:24:36] [Trakt Data] Started
[2018-10-20 21:24:36] [Trakt Data] Not Enabled
[2018-10-20 21:24:36] [Real Debrid Data] Started
[2018-10-20 21:24:36] [Real Debrid Data] Not Enabled
[2018-10-20 21:24:36] [Login Data] Started
[2018-10-20 21:24:36] [Login Data] Not Enabled
[2018-10-20 21:24:36] [Auto Clean Up] Started
[2018-10-20 21:24:36] [Auto Clean Up] Next Clean Up 2018-10-23
[2018-10-20 21:47:54] 2018-10-20 21:47:54.189000
[2018-10-20 21:47:55] Continuing Start Up Script
[2018-10-20 21:47:55] [Path Check] Started
[2018-10-20 21:47:55] [Path Check] Good!
[2018-10-20 21:47:55] [Auto Install Repo] Started
[2018-10-20 21:47:55] [Auto Install Repo] Not Enabled
[2018-10-20 21:47:55] [Auto Update Wizard] Started
[2018-10-20 21:47:55] [Auto Update Wizard] Not Enabled
[2018-10-20 21:47:55] [Notifications] Started
[2018-10-20 21:47:57] [Notifications] id[1] Dismissed
[2018-10-20 21:47:57] [Installed Check] Started
[2018-10-20 21:47:57] [Installed Check] Not Enabled
[2018-10-20 21:47:57] [Build Check] Started
[2018-10-20 21:47:57] [Trakt Data] Started
[2018-10-20 21:47:57] [Trakt Data] Not Enabled
[2018-10-20 21:47:57] [Real Debrid Data] Started
[2018-10-20 21:47:57] [Real Debrid Data] Not Enabled
[2018-10-20 21:47:57] [Login Data] Started
[2018-10-20 21:47:57] [Login Data] Not Enabled
[2018-10-20 21:47:57] [Auto Clean Up] Started
[2018-10-20 21:47:57] [Auto Clean Up] Next Clean Up 2018-10-23
[2018-10-23 22:12:45] 2018-10-23 22:12:45.736000
[2018-10-23 22:12:46] Continuing Start Up Script
[2018-10-23 22:12:46] [Path Check] Started
[2018-10-23 22:12:46] [Path Check] Good!
[2018-10-23 22:12:46] [Auto Install Repo] Started
[2018-10-23 22:12:46] [Auto Install Repo] Not Enabled
[2018-10-23 22:12:46] [Auto Update Wizard] Started
[2018-10-23 22:12:46] [Auto Update Wizard] Not Enabled
[2018-10-23 22:12:46] [Notifications] Started
[2018-10-23 22:12:48] [Notifications] id[1] Dismissed
[2018-10-23 22:12:48] [Installed Check] Started
[2018-10-23 22:12:48] [Installed Check] Not Enabled
[2018-10-23 22:12:48] [Build Check] Started
[2018-10-23 22:12:48] [Trakt Data] Started
[2018-10-23 22:12:48] [Trakt Data] Not Enabled
[2018-10-23 22:12:48] [Real Debrid Data] Started
[2018-10-23 22:12:48] [Real Debrid Data] Not Enabled
[2018-10-23 22:12:48] [Login Data] Started
[2018-10-23 22:12:48] [Login Data] Not Enabled
[2018-10-23 22:12:48] [Auto Clean Up] Started
[2018-10-23 22:12:48] [Auto Clean Up] Cache: On
[2018-10-23 22:12:48] [Success] wiped C:\Users\michael\AppData\Roaming\Kodi\userdata\addon_data\script.module.resolveurl\cache 
[2018-10-23 22:12:48] [Success] cleared 1 files from C:\Users\michael\AppData\Roaming\Kodi\cache\temp
[2018-10-23 22:12:48] [Auto Clean Up] Old Thumbs: On
[2018-10-23 22:12:48] 1184 total thumbs cleaned up.
[2018-10-23 22:12:48] [Auto Clean Up] Packages: On
[2018-10-27 09:30:30] 2018-10-27 09:30:30.068000
[2018-10-27 09:30:31] Continuing Start Up Script
[2018-10-27 09:30:31] [Path Check] Started
[2018-10-27 09:30:31] [Path Check] Good!
[2018-10-27 09:30:31] [Auto Install Repo] Started
[2018-10-27 09:30:31] [Auto Install Repo] Not Enabled
[2018-10-27 09:30:31] [Auto Update Wizard] Started
[2018-10-27 09:30:31] [Auto Update Wizard] Not Enabled
[2018-10-27 09:30:31] [Notifications] Started
[2018-10-27 09:30:32] [Notifications] id[1] Dismissed
[2018-10-27 09:30:32] [Installed Check] Started
[2018-10-27 09:30:32] [Installed Check] Not Enabled
[2018-10-27 09:30:32] [Build Check] Started
[2018-10-27 09:30:32] [Trakt Data] Started
[2018-10-27 09:30:32] [Trakt Data] Not Enabled
[2018-10-27 09:30:32] [Real Debrid Data] Started
[2018-10-27 09:30:32] [Real Debrid Data] Not Enabled
[2018-10-27 09:30:32] [Login Data] Started
[2018-10-27 09:30:32] [Login Data] Not Enabled
[2018-10-27 09:30:32] [Auto Clean Up] Started
[2018-10-27 09:30:32] [Auto Clean Up] Next Clean Up 2018-10-30
[2018-10-27 09:31:53] 2018-10-27 09:31:53.516000
[2018-10-27 09:31:54] Continuing Start Up Script
[2018-10-27 09:31:54] [Path Check] Started
[2018-10-27 09:31:55] [Path Check] Good!
[2018-10-27 09:31:55] [Auto Install Repo] Started
[2018-10-27 09:31:55] [Auto Install Repo] Not Enabled
[2018-10-27 09:31:55] [Auto Update Wizard] Started
[2018-10-27 09:31:55] [Auto Update Wizard] Not Enabled
[2018-10-27 09:31:55] [Notifications] Started
[2018-10-27 09:31:57] [Notifications] id[1] Dismissed
[2018-10-27 09:31:57] [Installed Check] Started
[2018-10-27 09:31:57] [Installed Check] Not Enabled
[2018-10-27 09:31:57] [Build Check] Started
[2018-10-27 09:31:57] [Trakt Data] Started
[2018-10-27 09:31:57] [Trakt Data] Not Enabled
[2018-10-27 09:31:57] [Real Debrid Data] Started
[2018-10-27 09:31:57] [Real Debrid Data] Not Enabled
[2018-10-27 09:31:57] [Login Data] Started
[2018-10-27 09:31:57] [Login Data] Not Enabled
[2018-10-27 09:31:57] [Auto Clean Up] Started
[2018-10-27 09:31:57] [Auto Clean Up] Next Clean Up 2018-10-30
[2018-10-27 09:54:41] 2018-10-27 09:54:41.252000
[2018-10-27 09:54:42] Continuing Start Up Script
[2018-10-27 09:54:42] [Path Check] Started
[2018-10-27 09:54:42] [Path Check] Good!
[2018-10-27 09:54:42] [Auto Install Repo] Started
[2018-10-27 09:54:42] [Auto Install Repo] Not Enabled
[2018-10-27 09:54:42] [Auto Update Wizard] Started
[2018-10-27 09:54:42] [Auto Update Wizard] Not Enabled
[2018-10-27 09:54:42] [Notifications] Started
[2018-10-27 09:54:45] [Notifications] id[1] Dismissed
[2018-10-27 09:54:45] [Installed Check] Started
[2018-10-27 09:54:45] [Installed Check] Not Enabled
[2018-10-27 09:54:45] [Build Check] Started
[2018-10-27 09:54:45] [Trakt Data] Started
[2018-10-27 09:54:45] [Trakt Data] Not Enabled
[2018-10-27 09:54:45] [Real Debrid Data] Started
[2018-10-27 09:54:45] [Real Debrid Data] Not Enabled
[2018-10-27 09:54:45] [Login Data] Started
[2018-10-27 09:54:45] [Login Data] Not Enabled
[2018-10-27 09:54:45] [Auto Clean Up] Started
[2018-10-27 09:54:45] [Auto Clean Up] Next Clean Up 2018-10-30
[2018-10-27 10:02:44] 2018-10-27 10:02:44.707000
[2018-10-27 10:02:45] Continuing Start Up Script
[2018-10-27 10:02:45] [Path Check] Started
[2018-10-27 10:02:45] [Path Check] Good!
[2018-10-27 10:02:45] [Auto Install Repo] Started
[2018-10-27 10:02:45] [Auto Install Repo] Not Enabled
[2018-10-27 10:02:45] [Auto Update Wizard] Started
[2018-10-27 10:02:45] [Auto Update Wizard] Not Enabled
[2018-10-27 10:02:45] [Notifications] Started
[2018-10-27 10:02:47] [Notifications] id[1] Dismissed
[2018-10-27 10:02:47] [Installed Check] Started
[2018-10-27 10:02:47] [Installed Check] Not Enabled
[2018-10-27 10:02:47] [Build Check] Started
[2018-10-27 10:02:47] [Trakt Data] Started
[2018-10-27 10:02:47] [Trakt Data] Not Enabled
[2018-10-27 10:02:47] [Real Debrid Data] Started
[2018-10-27 10:02:47] [Real Debrid Data] Not Enabled
[2018-10-27 10:02:47] [Login Data] Started
[2018-10-27 10:02:47] [Login Data] Not Enabled
[2018-10-27 10:02:47] [Auto Clean Up] Started
[2018-10-27 10:02:47] [Auto Clean Up] Next Clean Up 2018-10-30
[2018-10-27 11:08:08] 2018-10-27 11:08:08.131000
[2018-10-27 11:08:09] Continuing Start Up Script
[2018-10-27 11:08:09] [Path Check] Started
[2018-10-27 11:08:09] [Path Check] Good!
[2018-10-27 11:08:09] [Auto Install Repo] Started
[2018-10-27 11:08:09] [Auto Install Repo] Not Enabled
[2018-10-27 11:08:09] [Auto Update Wizard] Started
[2018-10-27 11:08:09] [Auto Update Wizard] Not Enabled
[2018-10-27 11:08:09] [Notifications] Started
[2018-10-27 11:08:12] [Notifications] id[1] Dismissed
[2018-10-27 11:08:12] [Installed Check] Started
[2018-10-27 11:08:12] [Installed Check] Not Enabled
[2018-10-27 11:08:12] [Build Check] Started
[2018-10-27 11:08:12] [Trakt Data] Started
[2018-10-27 11:08:12] [Trakt Data] Not Enabled
[2018-10-27 11:08:12] [Real Debrid Data] Started
[2018-10-27 11:08:12] [Real Debrid Data] Not Enabled
[2018-10-27 11:08:12] [Login Data] Started
[2018-10-27 11:08:12] [Login Data] Not Enabled
[2018-10-27 11:08:12] [Auto Clean Up] Started
[2018-10-27 11:08:12] [Auto Clean Up] Next Clean Up 2018-10-30
